<?xml version="1.0" encoding="UTF-8"?>
<!-- Generated by org.testng.reporters.JUnitXMLReporter -->
<testsuite ignored="4" hostname="DESKTOP-RPDQFL9" failures="0" tests="4" name="Test" time="0.133" errors="0" timestamp="06 May 2023 06:47:08 GMT">
  <testcase classname="testcases.CarLoanTest" name="test3" time="0.008"/>
  <testcase classname="testcases.HomeLoanTest" name="tes1" time="0.008"/>
  <testcase classname="testcases.HomeLoanTest" name="test2" time="0.004"/>
  <testcase classname="testcases.CreditCardTest" name="test4" time="0.009"/>
  <testcase classname="testcases.BaseClass" name="@BeforeTest method3" time="0.0">
    <ignored/>
  </testcase> <!-- @BeforeTest method3 -->
  <testcase classname="testcases.BaseClass" name="@BeforeTest method3" time="0.0">
    <ignored/>
  </testcase> <!-- @BeforeTest method3 -->
  <testcase classname="testcases.BaseClass" name="@AfterTest method4" time="0.0">
    <ignored/>
  </testcase> <!-- @AfterTest method4 -->
  <testcase classname="testcases.BaseClass" name="@AfterTest method4" time="0.0">
    <ignored/>
  </testcase> <!-- @AfterTest method4 -->
</testsuite> <!-- Test -->
